<?xml version="1.0" encoding="UTF-8"?>
<!-- Generated by org.testng.reporters.JUnitReportReporter -->
<testsuite hostname="MAN0CX12B53041D" failures="0" tests="6" name="tricentisTests.TricentisTests" time="46.310" errors="0" timestamp="2022-06-22T13:38:53 SAST" skipped="0">
  <testcase classname="tricentisTests.TricentisTests" name="GIVEN_UserIsOnTricentisHomePage_AND_SuccessfullyAdds5SimpleComputersToCart_AND_EnterShippingDetails_THEN_EstimatedShippingReturned" time="5.675"/>
  <system-out>
    <![CDATA[The expected text is: Next Day Air (0.00)
The returned text is: Next Day Air (0.00)]]>
  </system-out>
  <testcase classname="tricentisTests.TricentisTests" name="GIVEN_UserIsOnTricentisSite_AND_ClicksOnComputersUnderCategories_WHEN_ClicksOnNotebooks_AND_ClicksaddToCartOn14InchLaptop_THEN_ItemDisplayedInCart14InchLaptop" time="3.547"/>
  <system-out>
    <![CDATA[Item added to cart is: 14.1-inch Laptop]]>
  </system-out>
  <testcase classname="tricentisTests.TricentisTests" name="AddToCpmareListAndValidateAmountsAreCorrect" time="22.193"/>
  <system-out>
    <![CDATA[The price for the Blue and Green Sneakers is : 17.56
The price for the Green and blue Sneakers is : 11.00]]>
  </system-out>
  <testcase classname="tricentisTests.TricentisTests" name="GIVEN_NoteBookAddedToCart_AND_UserNavigatesToCart_WHEN_ClicksOnQuantity_AND_AmendQty_THEN_TotalAmtChanges" time="4.895"/>
  <system-out>
    <![CDATA[The updated Subtotal for the product is: R 6360.00]]>
  </system-out>
  <testcase classname="tricentisTests.TricentisTests" name="GIVEN_UserIsOnTricentisSite_AND_SuccessfullyFindsCellphoneUnderElectronicsMenuItem_WHEN_UserSelectsCellphones_AND_AddsSmartPhoneToCart_THEN_ItemDisplayedInCartWillBeSmartPhone" time="6.084"/>
  <system-out>
    <![CDATA[Item added to cart is: Smartphone]]>
  </system-out>
  <testcase classname="tricentisTests.TricentisTests" name="GIVEN_LeatherHandBagAddedToCart_AND_UserNavigatesToCart_WHEN_SelectsItemTickBox_AND_UpdateShoppingCart_THEN_ItemRemoved" time="3.916"/>
  <system-out>
    <![CDATA[Your Shopping Cart is empty!]]>
  </system-out>
</testsuite> <!-- tricentisTests.TricentisTests -->
