<?xml version="1.0" encoding="UTF-8"?>
<!-- Generated by org.testng.reporters.JUnitReportReporter -->
<testsuite hostname="MAN0CX12B53041D" failures="0" tests="6" name="tricentisTests.TricentisTests" time="20.016" errors="0" timestamp="2022-06-24T19:00:15 SAST" skipped="0">
  <testcase classname="tricentisTests.TricentisTests" name="AddItemToCartAndAssertTextOfItemAddedInCartIs14InchLaptop" time="2.817"/>
  <system-out>
    <![CDATA[Notebook in the cart is a 14.1-inch Laptop
<a href='C:\autoProgram\PrivenExam\target\surefire-reports-20220624164908\ScreenShots\On test success185956.png'> <img src='C:\autoProgram\PrivenExam\target\surefire-reports-20220624164908\ScreenShots\On test success185956.png' height='200' width='200'/> </a>]]>
  </system-out>
  <testcase classname="tricentisTests.TricentisTests" name="GivenItemAddedToCartEnterShippingDetailsEstimatedShippingTextStringIsReturned" time="3.932"/>
  <system-out>
    <![CDATA[The expected text is: Ground (0.00)
The returned text is: Next Day Air (0.00)
<a href='C:\autoProgram\PrivenExam\target\surefire-reports-20220624164908\ScreenShots\On test success190010.png'> <img src='C:\autoProgram\PrivenExam\target\surefire-reports-20220624164908\ScreenShots\On test success190010.png' height='200' width='200'/> </a>]]>
  </system-out>
  <testcase classname="tricentisTests.TricentisTests" name="AddToTwoItemsToCompareListAndValidateAmountsAreNotequal" time="7.495"/>
  <system-out>
    <![CDATA[The price for the Blue and Green Sneakers is : 17.56
The price for the Green and blue Sneakers is : 11.00
<a href='C:\autoProgram\PrivenExam\target\surefire-reports-20220624164908\ScreenShots\On test success190006.png'> <img src='C:\autoProgram\PrivenExam\target\surefire-reports-20220624164908\ScreenShots\On test success190006.png' height='200' width='200'/> </a>]]>
  </system-out>
  <testcase classname="tricentisTests.TricentisTests" name="GivenItemAddedToCartRemoveItemAndAssertConfirmationText" time="1.177"/>
  <system-out>
    <![CDATA[<a href='C:\autoProgram\PrivenExam\target\surefire-reports-20220624164908\ScreenShots\On test success190011.png'> <img src='C:\autoProgram\PrivenExam\target\surefire-reports-20220624164908\ScreenShots\On test success190011.png' height='200' width='200'/> </a>]]>
  </system-out>
  <testcase classname="tricentisTests.TricentisTests" name="AddItemToCartAndAssertTextOfItemAddedIsSmartPhone" time="1.335"/>
  <system-out>
    <![CDATA[<a href='C:\autoProgram\PrivenExam\target\surefire-reports-20220624164908\ScreenShots\On test success185958.png'> <img src='C:\autoProgram\PrivenExam\target\surefire-reports-20220624164908\ScreenShots\On test success185958.png' height='200' width='200'/> </a>]]>
  </system-out>
  <testcase classname="tricentisTests.TricentisTests" name="GivenNotebookAddedToCartUpdateQuantityUsingExcelSheet" time="3.260"/>
  <system-out>
    <![CDATA[Current amount in cart is R 6360.00
The updated Subtotal for the product is: R 6360.00
<a href='C:\autoProgram\PrivenExam\target\surefire-reports-20220624164908\ScreenShots\On test success190015.png'> <img src='C:\autoProgram\PrivenExam\target\surefire-reports-20220624164908\ScreenShots\On test success190015.png' height='200' width='200'/> </a>]]>
  </system-out>
</testsuite> <!-- tricentisTests.TricentisTests -->
